SF:lib\db_datasource.dart
DA:8,1
DA:10,1
DA:11,2
DA:12,1
DA:15,1
DA:16,2
DA:17,1
DA:20,0
DA:21,0
DA:22,0
LF:10
LH:7
end_of_record
SF:lib\entity_example.dart
DA:8,1
LF:1
LH:1
end_of_record
SF:lib\objectbox.g.dart
DA:20,3
DA:21,1
DA:26,1
DA:27,1
DA:32,1
DA:38,1
DA:39,1
DA:43,0
DA:50,0
DA:51,0
DA:59,1
DA:60,1
DA:61,1
DA:74,1
DA:75,1
DA:76,2
DA:77,0
DA:78,0
DA:79,0
DA:80,1
DA:81,1
DA:83,1
DA:84,2
DA:85,1
DA:86,2
DA:87,1
DA:88,2
DA:89,1
DA:91,1
DA:92,1
DA:93,1
DA:95,1
DA:96,1
DA:98,1
DA:104,1
DA:110,0
DA:111,0
DA:114,0
DA:115,0
LF:39
LH:29
end_of_record
